1 1 1.30347952388e-05
2 1 4.4009928571e-05
2 2 0.0002952019952
3 1 5.98852197672e-05
3 2 0.000578353207324
3 3 0.0018355890075
4 1 8.0161114361e-05
4 2 0.000667017605738
4 3 0.00285496125314
4 4 0.00674435580526
5 1 8.1971949413e-05
5 2 0.000666082068857
5 3 0.00240585891018
5 4 0.00766927470605
5 5 0.0125154418396
6 1 0.000128354227417
6 2 0.00103431060627
6 3 0.00359625859262
6 4 0.00934752503149
6 5 0.0185011299106
6 6 0.0395952802444
7 1 0.000235165234967
7 2 0.00188689424557
7 3 0.00644364229686
7 4 0.0157890900013
7 5 0.0253780183987
7 6 0.0675177453466
7 7 0.159699057499
